c:\users\user\documents\github\kr_proga\kr_proga\kr_proga\debug\kr_proga.pch
c:\users\user\documents\github\kr_proga\kr_proga\kr_proga\debug\vc141.pdb
c:\users\user\documents\github\kr_proga\kr_proga\kr_proga\debug\stdafx.obj
c:\users\user\documents\github\kr_proga\kr_proga\kr_proga\debug\form1.obj
c:\users\user\documents\github\kr_proga\kr_proga\kr_proga\debug\cppclr_winformsprojekt.obj
c:\users\user\documents\github\kr_proga\kr_proga\kr_proga\debug\assemblyinfo.obj
c:\users\user\documents\github\kr_proga\kr_proga\kr_proga\debug\.netframework,version=v4.5.2.assemblyattributes.obj
c:\users\user\documents\github\kr_proga\kr_proga\kr_proga\debug\.netframework,version=v4.5.2.assemblyattributes.asm
c:\users\user\documents\github\kr_proga\kr_proga\kr_proga\debug\kr_proga.form1.resources
c:\users\user\documents\github\kr_proga\kr_proga\debug\kr_proga.exe
c:\users\user\documents\github\kr_proga\kr_proga\debug\kr_proga.pdb
c:\users\user\documents\github\kr_proga\kr_proga\kr_proga\debug\app.res
c:\users\user\documents\github\kr_proga\kr_proga\kr_proga\debug\kr_proga.vcxproj.generateresource.cache
c:\users\user\documents\github\kr_proga\kr_proga\kr_proga\debug\kr_proga.vcxprojassemblyreference.cache
c:\users\user\documents\github\kr_proga\kr_proga\kr_proga\debug\kr_proga.tlog\cl.command.1.tlog
c:\users\user\documents\github\kr_proga\kr_proga\kr_proga\debug\kr_proga.tlog\cl.read.1.tlog
c:\users\user\documents\github\kr_proga\kr_proga\kr_proga\debug\kr_proga.tlog\cl.write.1.tlog
c:\users\user\documents\github\kr_proga\kr_proga\kr_proga\debug\kr_proga.tlog\kr_proga.write.1u.tlog
c:\users\user\documents\github\kr_proga\kr_proga\kr_proga\debug\kr_proga.tlog\link.command.1.tlog
c:\users\user\documents\github\kr_proga\kr_proga\kr_proga\debug\kr_proga.tlog\link.read.1.tlog
c:\users\user\documents\github\kr_proga\kr_proga\kr_proga\debug\kr_proga.tlog\link.write.1.tlog
c:\users\user\documents\github\kr_proga\kr_proga\kr_proga\debug\kr_proga.tlog\metagen.read.1.tlog
c:\users\user\documents\github\kr_proga\kr_proga\kr_proga\debug\kr_proga.tlog\metagen.write.1.tlog
c:\users\user\documents\github\kr_proga\kr_proga\kr_proga\debug\kr_proga.tlog\rc.command.1.tlog
c:\users\user\documents\github\kr_proga\kr_proga\kr_proga\debug\kr_proga.tlog\rc.read.1.tlog
c:\users\user\documents\github\kr_proga\kr_proga\kr_proga\debug\kr_proga.tlog\rc.write.1.tlog
